# JRE version: Java(TM) SE Runtime Environment (8.0_25-b18) (build 1.8.0_25-b18)
# Java VM: Java HotSpot(TM) 64-Bit Server VM (25.25-b02 mixed mode windows-amd64 compressed oops)
Heap:
 PSYoungGen      total 249856K, used 64870K [0x00000000eab00000, 0x0000000100000000, 0x0000000100000000)
  eden space 186880K, 6% used [0x00000000eab00000,0x00000000eb65aca8,0x00000000f6180000)
  from space 62976K, 84% used [0x00000000f6180000,0x00000000f957ecf0,0x00000000f9f00000)
  to   space 69120K, 0% used [0x00000000fbc80000,0x00000000fbc80000,0x0000000100000000)
 ParOldGen       total 125440K, used 60837K [0x00000000c0000000, 0x00000000c7a80000, 0x00000000eab00000)
  object space 125440K, 48% used [0x00000000c0000000,0x00000000c3b69498,0x00000000c7a80000)
 Metaspace       used 6769K, capacity 7608K, committed 7936K, reserved 1056768K
  class space    used 634K, capacity 688K, committed 768K, reserved 1048576K
GC Heap History (10 events):
Event: 8.200 GC heap before
{Heap before GC invocations=9 (full 1):
 PSYoungGen      total 152064K, used 152042K [0x00000000eab00000, 0x00000000fb180000, 0x0000000100000000)
  eden space 118784K, 100% used [0x00000000eab00000,0x00000000f1f00000,0x00000000f1f00000)
  from space 33280K, 99% used [0x00000000f1f00000,0x00000000f3f7a848,0x00000000f3f80000)
  to   space 50176K, 0% used [0x00000000f8080000,0x00000000f8080000,0x00000000fb180000)
 ParOldGen       total 90624K, used 60996K [0x00000000c0000000, 0x00000000c5880000, 0x00000000eab00000)
  object space 90624K, 67% used [0x00000000c0000000,0x00000000c3b910d8,0x00000000c5880000)
 Metaspace       used 6215K, capacity 7152K, committed 7296K, reserved 1056768K
  class space    used 592K, capacity 616K, committed 640K, reserved 1048576K
Event: 8.383 GC heap after
Heap after GC invocations=9 (full 1):
 PSYoungGen      total 206336K, used 50165K [0x00000000eab00000, 0x00000000fe780000, 0x0000000100000000)
  eden space 156160K, 0% used [0x00000000eab00000,0x00000000eab00000,0x00000000f4380000)
  from space 50176K, 99% used [0x00000000f8080000,0x00000000fb17d790,0x00000000fb180000)
  to   space 62464K, 0% used [0x00000000f4380000,0x00000000f4380000,0x00000000f8080000)
 ParOldGen       total 90624K, used 67237K [0x00000000c0000000, 0x00000000c5880000, 0x00000000eab00000)
  object space 90624K, 74% used [0x00000000c0000000,0x00000000c41a96e8,0x00000000c5880000)
 Metaspace       used 6215K, capacity 7152K, committed 7296K, reserved 1056768K
  class space    used 592K, capacity 616K, committed 640K, reserved 1048576K
}
Event: 8.383 GC heap before
{Heap before GC invocations=10 (full 2):
 PSYoungGen      total 206336K, used 50165K [0x00000000eab00000, 0x00000000fe780000, 0x0000000100000000)
  eden space 156160K, 0% used [0x00000000eab00000,0x00000000eab00000,0x00000000f4380000)
  from space 50176K, 99% used [0x00000000f8080000,0x00000000fb17d790,0x00000000fb180000)
  to   space 62464K, 0% used [0x00000000f4380000,0x00000000f4380000,0x00000000f8080000)
 ParOldGen       total 90624K, used 67237K [0x00000000c0000000, 0x00000000c5880000, 0x00000000eab00000)
  object space 90624K, 74% used [0x00000000c0000000,0x00000000c41a96e8,0x00000000c5880000)
 Metaspace       used 6215K, capacity 7152K, committed 7296K, reserved 1056768K
  class space    used 592K, capacity 616K, committed 640K, reserved 1048576K
Event: 9.212 GC heap after
Heap after GC invocations=10 (full 2):
 PSYoungGen      total 206336K, used 0K [0x00000000eab00000, 0x00000000fe780000, 0x0000000100000000)
  eden space 156160K, 0% used [0x00000000eab00000,0x00000000eab00000,0x00000000f4380000)
  from space 50176K, 0% used [0x00000000f8080000,0x00000000f8080000,0x00000000fb180000)
  to   space 62464K, 0% used [0x00000000f4380000,0x00000000f4380000,0x00000000f8080000)
 ParOldGen       total 125440K, used 60821K [0x00000000c0000000, 0x00000000c7a80000, 0x00000000eab00000)
  object space 125440K, 48% used [0x00000000c0000000,0x00000000c3b65498,0x00000000c7a80000)
 Metaspace       used 6215K, capacity 7152K, committed 7296K, reserved 1056768K
  class space    used 592K, capacity 616K, committed 640K, reserved 1048576K
}
Event: 9.960 GC heap before
{Heap before GC invocations=11 (full 2):
 PSYoungGen      total 206336K, used 156160K [0x00000000eab00000, 0x00000000fe780000, 0x0000000100000000)
  eden space 156160K, 100% used [0x00000000eab00000,0x00000000f4380000,0x00000000f4380000)
  from space 50176K, 0% used [0x00000000f8080000,0x00000000f8080000,0x00000000fb180000)
  to   space 62464K, 0% used [0x00000000f4380000,0x00000000f4380000,0x00000000f8080000)
 ParOldGen       total 125440K, used 60821K [0x00000000c0000000, 0x00000000c7a80000, 0x00000000eab00000)
  object space 125440K, 48% used [0x00000000c0000000,0x00000000c3b65498,0x00000000c7a80000)
 Metaspace       used 6220K, capacity 7152K, committed 7296K, reserved 1056768K
  class space    used 592K, capacity 616K, committed 640K, reserved 1048576K
Event: 10.073 GC heap after
Heap after GC invocations=11 (full 2):
 PSYoungGen      total 218624K, used 23985K [0x00000000eab00000, 0x00000000fd800000, 0x0000000100000000)
  eden space 156160K, 0% used [0x00000000eab00000,0x00000000eab00000,0x00000000f4380000)
  from space 62464K, 38% used [0x00000000f4380000,0x00000000f5aec7e8,0x00000000f8080000)
  to   space 58368K, 0% used [0x00000000f9f00000,0x00000000f9f00000,0x00000000fd800000)
 ParOldGen       total 125440K, used 60821K [0x00000000c0000000, 0x00000000c7a80000, 0x00000000eab00000)
  object space 125440K, 48% used [0x00000000c0000000,0x00000000c3b65498,0x00000000c7a80000)
 Metaspace       used 6220K, capacity 7152K, committed 7296K, reserved 1056768K
  class space    used 592K, capacity 616K, committed 640K, reserved 1048576K
}
Event: 10.712 GC heap before
{Heap before GC invocations=12 (full 2):
 PSYoungGen      total 218624K, used 180145K [0x00000000eab00000, 0x00000000fd800000, 0x0000000100000000)
  eden space 156160K, 100% used [0x00000000eab00000,0x00000000f4380000,0x00000000f4380000)
  from space 62464K, 38% used [0x00000000f4380000,0x00000000f5aec7e8,0x00000000f8080000)
  to   space 58368K, 0% used [0x00000000f9f00000,0x00000000f9f00000,0x00000000fd800000)
 ParOldGen       total 125440K, used 60821K [0x00000000c0000000, 0x00000000c7a80000, 0x00000000eab00000)
  object space 125440K, 48% used [0x00000000c0000000,0x00000000c3b65498,0x00000000c7a80000)
 Metaspace       used 6323K, capacity 7192K, committed 7424K, reserved 1056768K
  class space    used 613K, capacity 656K, committed 768K, reserved 1048576K
Event: 10.857 GC heap after
Heap after GC invocations=12 (full 2):
 PSYoungGen      total 245248K, used 45616K [0x00000000eab00000, 0x00000000fe480000, 0x0000000100000000)
  eden space 186880K, 0% used [0x00000000eab00000,0x00000000eab00000,0x00000000f6180000)
  from space 58368K, 78% used [0x00000000f9f00000,0x00000000fcb8c220,0x00000000fd800000)
  to   space 62976K, 0% used [0x00000000f6180000,0x00000000f6180000,0x00000000f9f00000)
 ParOldGen       total 125440K, used 60829K [0x00000000c0000000, 0x00000000c7a80000, 0x00000000eab00000)
  object space 125440K, 48% used [0x00000000c0000000,0x00000000c3b67498,0x00000000c7a80000)
 Metaspace       used 6323K, capacity 7192K, committed 7424K, reserved 1056768K
  class space    used 613K, capacity 656K, committed 768K, reserved 1048576K
}
Event: 21.445 GC heap before
{Heap before GC invocations=13 (full 2):
 PSYoungGen      total 245248K, used 232496K [0x00000000eab00000, 0x00000000fe480000, 0x0000000100000000)
  eden space 186880K, 100% used [0x00000000eab00000,0x00000000f6180000,0x00000000f6180000)
  from space 58368K, 78% used [0x00000000f9f00000,0x00000000fcb8c220,0x00000000fd800000)
  to   space 62976K, 0% used [0x00000000f6180000,0x00000000f6180000,0x00000000f9f00000)
 ParOldGen       total 125440K, used 60829K [0x00000000c0000000, 0x00000000c7a80000, 0x00000000eab00000)
  object space 125440K, 48% used [0x00000000c0000000,0x00000000c3b67498,0x00000000c7a80000)
 Metaspace       used 6665K, capacity 7544K, committed 7680K, reserved 1056768K
  class space    used 631K, capacity 688K, committed 768K, reserved 1048576K
Event: 22.698 GC heap after
Heap after GC invocations=13 (full 2):
 PSYoungGen      total 249856K, used 53243K [0x00000000eab00000, 0x0000000100000000, 0x0000000100000000)
  eden space 186880K, 0% used [0x00000000eab00000,0x00000000eab00000,0x00000000f6180000)
  from space 62976K, 84% used [0x00000000f6180000,0x00000000f957ecf0,0x00000000f9f00000)
  to   space 69120K, 0% used [0x00000000fbc80000,0x00000000fbc80000,0x0000000100000000)
 ParOldGen       total 125440K, used 60837K [0x00000000c0000000, 0x00000000c7a80000, 0x00000000eab00000)
  object space 125440K, 48% used [0x00000000c0000000,0x00000000c3b69498,0x00000000c7a80000)
 Metaspace       used 6665K, capacity 7544K, committed 7680K, reserved 1056768K
  class space    used 631K, capacity 688K, committed 768K, reserved 1048576K
}

