# JRE version: Java(TM) SE Runtime Environment (8.0_25-b18) (build 1.8.0_25-b18)
# Java VM: Java HotSpot(TM) 64-Bit Server VM (25.25-b02 mixed mode windows-amd64 compressed oops)
Heap:
 PSYoungGen      total 286208K, used 149887K [0x00000000eab00000, 0x0000000100000000, 0x0000000100000000)
  eden space 220672K, 54% used [0x00000000eab00000,0x00000000f21448c8,0x00000000f8280000)
  from space 65536K, 43% used [0x00000000fc000000,0x00000000fdc1b3c8,0x0000000100000000)
  to   space 62976K, 0% used [0x00000000f8280000,0x00000000f8280000,0x00000000fc000000)
 ParOldGen       total 137216K, used 78673K [0x00000000c0000000, 0x00000000c8600000, 0x00000000eab00000)
  object space 137216K, 57% used [0x00000000c0000000,0x00000000c4cd47a0,0x00000000c8600000)
 Metaspace       used 7349K, capacity 7832K, committed 7936K, reserved 1056768K
  class space    used 692K, capacity 720K, committed 768K, reserved 1048576K
GC Heap History (10 events):
Event: 7.315 GC heap before
{Heap before GC invocations=8 (full 1):
 PSYoungGen      total 132096K, used 131786K [0x00000000eab00000, 0x00000000f5980000, 0x0000000100000000)
  eden space 115200K, 100% used [0x00000000eab00000,0x00000000f1b80000,0x00000000f1b80000)
  from space 16896K, 98% used [0x00000000f4900000,0x00000000f5932980,0x00000000f5980000)
  to   space 30208K, 0% used [0x00000000f1e80000,0x00000000f1e80000,0x00000000f3c00000)
 ParOldGen       total 84480K, used 36358K [0x00000000c0000000, 0x00000000c5280000, 0x00000000eab00000)
  object space 84480K, 43% used [0x00000000c0000000,0x00000000c23819b8,0x00000000c5280000)
 Metaspace       used 6174K, capacity 7152K, committed 7296K, reserved 1056768K
  class space    used 591K, capacity 616K, committed 640K, reserved 1048576K
Event: 7.373 GC heap after
Heap after GC invocations=8 (full 1):
 PSYoungGen      total 148480K, used 30181K [0x00000000eab00000, 0x00000000fc180000, 0x0000000100000000)
  eden space 118272K, 0% used [0x00000000eab00000,0x00000000eab00000,0x00000000f1e80000)
  from space 30208K, 99% used [0x00000000f1e80000,0x00000000f3bf96b8,0x00000000f3c00000)
  to   space 41984K, 0% used [0x00000000f9880000,0x00000000f9880000,0x00000000fc180000)
 ParOldGen       total 84480K, used 48584K [0x00000000c0000000, 0x00000000c5280000, 0x00000000eab00000)
  object space 84480K, 57% used [0x00000000c0000000,0x00000000c2f72398,0x00000000c5280000)
 Metaspace       used 6174K, capacity 7152K, committed 7296K, reserved 1056768K
  class space    used 591K, capacity 616K, committed 640K, reserved 1048576K
}
Event: 8.048 GC heap before
{Heap before GC invocations=9 (full 1):
 PSYoungGen      total 148480K, used 148453K [0x00000000eab00000, 0x00000000fc180000, 0x0000000100000000)
  eden space 118272K, 100% used [0x00000000eab00000,0x00000000f1e80000,0x00000000f1e80000)
  from space 30208K, 99% used [0x00000000f1e80000,0x00000000f3bf96b8,0x00000000f3c00000)
  to   space 41984K, 0% used [0x00000000f9880000,0x00000000f9880000,0x00000000fc180000)
 ParOldGen       total 84480K, used 48584K [0x00000000c0000000, 0x00000000c5280000, 0x00000000eab00000)
  object space 84480K, 57% used [0x00000000c0000000,0x00000000c2f72398,0x00000000c5280000)
 Metaspace       used 6202K, capacity 7152K, committed 7296K, reserved 1056768K
  class space    used 592K, capacity 616K, committed 640K, reserved 1048576K
Event: 8.129 GC heap after
Heap after GC invocations=9 (full 1):
 PSYoungGen      total 234496K, used 41968K [0x00000000eab00000, 0x00000000fd700000, 0x0000000100000000)
  eden space 192512K, 0% used [0x00000000eab00000,0x00000000eab00000,0x00000000f6700000)
  from space 41984K, 99% used [0x00000000f9880000,0x00000000fc17c260,0x00000000fc180000)
  to   space 50688K, 0% used [0x00000000f6700000,0x00000000f6700000,0x00000000f9880000)
 ParOldGen       total 84480K, used 51324K [0x00000000c0000000, 0x00000000c5280000, 0x00000000eab00000)
  object space 84480K, 60% used [0x00000000c0000000,0x00000000c321f100,0x00000000c5280000)
 Metaspace       used 6202K, capacity 7152K, committed 7296K, reserved 1056768K
  class space    used 592K, capacity 616K, committed 640K, reserved 1048576K
}
Event: 9.370 GC heap before
{Heap before GC invocations=10 (full 1):
 PSYoungGen      total 234496K, used 234480K [0x00000000eab00000, 0x00000000fd700000, 0x0000000100000000)
  eden space 192512K, 100% used [0x00000000eab00000,0x00000000f6700000,0x00000000f6700000)
  from space 41984K, 99% used [0x00000000f9880000,0x00000000fc17c260,0x00000000fc180000)
  to   space 50688K, 0% used [0x00000000f6700000,0x00000000f6700000,0x00000000f9880000)
 ParOldGen       total 84480K, used 51324K [0x00000000c0000000, 0x00000000c5280000, 0x00000000eab00000)
  object space 84480K, 60% used [0x00000000c0000000,0x00000000c321f100,0x00000000c5280000)
 Metaspace       used 6211K, capacity 7152K, committed 7296K, reserved 1056768K
  class space    used 592K, capacity 616K, committed 640K, reserved 1048576K
Event: 9.529 GC heap after
Heap after GC invocations=10 (full 1):
 PSYoungGen      total 243200K, used 50667K [0x00000000eab00000, 0x0000000100000000, 0x0000000100000000)
  eden space 192512K, 0% used [0x00000000eab00000,0x00000000eab00000,0x00000000f6700000)
  from space 50688K, 99% used [0x00000000f6700000,0x00000000f987ad78,0x00000000f9880000)
  to   space 65536K, 0% used [0x00000000fc000000,0x00000000fc000000,0x0000000100000000)
 ParOldGen       total 84480K, used 66655K [0x00000000c0000000, 0x00000000c5280000, 0x00000000eab00000)
  object space 84480K, 78% used [0x00000000c0000000,0x00000000c4117ef0,0x00000000c5280000)
 Metaspace       used 6211K, capacity 7152K, committed 7296K, reserved 1056768K
  class space    used 592K, capacity 616K, committed 640K, reserved 1048576K
}
Event: 9.529 GC heap before
{Heap before GC invocations=11 (full 2):
 PSYoungGen      total 243200K, used 50667K [0x00000000eab00000, 0x0000000100000000, 0x0000000100000000)
  eden space 192512K, 0% used [0x00000000eab00000,0x00000000eab00000,0x00000000f6700000)
  from space 50688K, 99% used [0x00000000f6700000,0x00000000f987ad78,0x00000000f9880000)
  to   space 65536K, 0% used [0x00000000fc000000,0x00000000fc000000,0x0000000100000000)
 ParOldGen       total 84480K, used 66655K [0x00000000c0000000, 0x00000000c5280000, 0x00000000eab00000)
  object space 84480K, 78% used [0x00000000c0000000,0x00000000c4117ef0,0x00000000c5280000)
 Metaspace       used 6211K, capacity 7152K, committed 7296K, reserved 1056768K
  class space    used 592K, capacity 616K, committed 640K, reserved 1048576K
Event: 10.556 GC heap after
Heap after GC invocations=11 (full 2):
 PSYoungGen      total 243200K, used 0K [0x00000000eab00000, 0x0000000100000000, 0x0000000100000000)
  eden space 192512K, 0% used [0x00000000eab00000,0x00000000eab00000,0x00000000f6700000)
  from space 50688K, 0% used [0x00000000f6700000,0x00000000f6700000,0x00000000f9880000)
  to   space 65536K, 0% used [0x00000000fc000000,0x00000000fc000000,0x0000000100000000)
 ParOldGen       total 137216K, used 78665K [0x00000000c0000000, 0x00000000c8600000, 0x00000000eab00000)
  object space 137216K, 57% used [0x00000000c0000000,0x00000000c4cd27a0,0x00000000c8600000)
 Metaspace       used 6211K, capacity 7152K, committed 7296K, reserved 1056768K
  class space    used 592K, capacity 616K, committed 640K, reserved 1048576K
}
Event: 12.135 GC heap before
{Heap before GC invocations=12 (full 2):
 PSYoungGen      total 243200K, used 192512K [0x00000000eab00000, 0x0000000100000000, 0x0000000100000000)
  eden space 192512K, 100% used [0x00000000eab00000,0x00000000f6700000,0x00000000f6700000)
  from space 50688K, 0% used [0x00000000f6700000,0x00000000f6700000,0x00000000f9880000)
  to   space 65536K, 0% used [0x00000000fc000000,0x00000000fc000000,0x0000000100000000)
 ParOldGen       total 137216K, used 78665K [0x00000000c0000000, 0x00000000c8600000, 0x00000000eab00000)
  object space 137216K, 57% used [0x00000000c0000000,0x00000000c4cd27a0,0x00000000c8600000)
 Metaspace       used 6338K, capacity 7256K, committed 7424K, reserved 1056768K
  class space    used 613K, capacity 656K, committed 768K, reserved 1048576K
Event: 12.589 GC heap after
Heap after GC invocations=12 (full 2):
 PSYoungGen      total 286208K, used 28780K [0x00000000eab00000, 0x0000000100000000, 0x0000000100000000)
  eden space 220672K, 0% used [0x00000000eab00000,0x00000000eab00000,0x00000000f8280000)
  from space 65536K, 43% used [0x00000000fc000000,0x00000000fdc1b3c8,0x0000000100000000)
  to   space 62976K, 0% used [0x00000000f8280000,0x00000000f8280000,0x00000000fc000000)
 ParOldGen       total 137216K, used 78673K [0x00000000c0000000, 0x00000000c8600000, 0x00000000eab00000)
  object space 137216K, 57% used [0x00000000c0000000,0x00000000c4cd47a0,0x00000000c8600000)
 Metaspace       used 6338K, capacity 7256K, committed 7424K, reserved 1056768K
  class space    used 613K, capacity 656K, committed 768K, reserved 1048576K
}

