# JRE version: Java(TM) SE Runtime Environment (8.0_25-b18) (build 1.8.0_25-b18)
# Java VM: Java HotSpot(TM) 64-Bit Server VM (25.25-b02 mixed mode windows-amd64 compressed oops)
Heap:
 PSYoungGen      total 221696K, used 37542K [0x00000000eab00000, 0x00000000fea00000, 0x0000000100000000)
  eden space 180736K, 16% used [0x00000000eab00000,0x00000000ec882210,0x00000000f5b80000)
  from space 40960K, 17% used [0x00000000f5b80000,0x00000000f62a7640,0x00000000f8380000)
  to   space 40960K, 0% used [0x00000000fc200000,0x00000000fc200000,0x00000000fea00000)
 ParOldGen       total 173056K, used 106348K [0x00000000c0000000, 0x00000000ca900000, 0x00000000eab00000)
  object space 173056K, 61% used [0x00000000c0000000,0x00000000c67db020,0x00000000ca900000)
 Metaspace       used 6689K, capacity 7544K, committed 7680K, reserved 1056768K
  class space    used 634K, capacity 688K, committed 768K, reserved 1048576K
GC Heap History (10 events):
Event: 8.483 GC heap before
{Heap before GC invocations=12 (full 2):
 PSYoungGen      total 175616K, used 33407K [0x00000000eab00000, 0x00000000f8f00000, 0x0000000100000000)
  eden space 139264K, 0% used [0x00000000eab00000,0x00000000eab00000,0x00000000f3300000)
  from space 36352K, 91% used [0x00000000f5b00000,0x00000000f7b9fed8,0x00000000f7e80000)
  to   space 40960K, 0% used [0x00000000f3300000,0x00000000f3300000,0x00000000f5b00000)
 ParOldGen       total 60416K, used 45248K [0x00000000c0000000, 0x00000000c3b00000, 0x00000000eab00000)
  object space 60416K, 74% used [0x00000000c0000000,0x00000000c2c30280,0x00000000c3b00000)
 Metaspace       used 6192K, capacity 7152K, committed 7296K, reserved 1056768K
  class space    used 592K, capacity 616K, committed 640K, reserved 1048576K
Event: 8.946 GC heap after
Heap after GC invocations=12 (full 2):
 PSYoungGen      total 175616K, used 0K [0x00000000eab00000, 0x00000000f8f00000, 0x0000000100000000)
  eden space 139264K, 0% used [0x00000000eab00000,0x00000000eab00000,0x00000000f3300000)
  from space 36352K, 0% used [0x00000000f5b00000,0x00000000f5b00000,0x00000000f7e80000)
  to   space 40960K, 0% used [0x00000000f3300000,0x00000000f3300000,0x00000000f5b00000)
 ParOldGen       total 106496K, used 56878K [0x00000000c0000000, 0x00000000c6800000, 0x00000000eab00000)
  object space 106496K, 53% used [0x00000000c0000000,0x00000000c378bae8,0x00000000c6800000)
 Metaspace       used 6192K, capacity 7152K, committed 7296K, reserved 1056768K
  class space    used 592K, capacity 616K, committed 640K, reserved 1048576K
}
Event: 9.950 GC heap before
{Heap before GC invocations=13 (full 2):
 PSYoungGen      total 175616K, used 139264K [0x00000000eab00000, 0x00000000f8f00000, 0x0000000100000000)
  eden space 139264K, 100% used [0x00000000eab00000,0x00000000f3300000,0x00000000f3300000)
  from space 36352K, 0% used [0x00000000f5b00000,0x00000000f5b00000,0x00000000f7e80000)
  to   space 40960K, 0% used [0x00000000f3300000,0x00000000f3300000,0x00000000f5b00000)
 ParOldGen       total 106496K, used 56878K [0x00000000c0000000, 0x00000000c6800000, 0x00000000eab00000)
  object space 106496K, 53% used [0x00000000c0000000,0x00000000c378bae8,0x00000000c6800000)
 Metaspace       used 6197K, capacity 7152K, committed 7296K, reserved 1056768K
  class space    used 592K, capacity 616K, committed 640K, reserved 1048576K
Event: 10.155 GC heap after
Heap after GC invocations=13 (full 2):
 PSYoungGen      total 180224K, used 26461K [0x00000000eab00000, 0x00000000fac80000, 0x0000000100000000)
  eden space 139264K, 0% used [0x00000000eab00000,0x00000000eab00000,0x00000000f3300000)
  from space 40960K, 64% used [0x00000000f3300000,0x00000000f4cd7468,0x00000000f5b00000)
  to   space 41984K, 0% used [0x00000000f8380000,0x00000000f8380000,0x00000000fac80000)
 ParOldGen       total 106496K, used 56878K [0x00000000c0000000, 0x00000000c6800000, 0x00000000eab00000)
  object space 106496K, 53% used [0x00000000c0000000,0x00000000c378bae8,0x00000000c6800000)
 Metaspace       used 6197K, capacity 7152K, committed 7296K, reserved 1056768K
  class space    used 592K, capacity 616K, committed 640K, reserved 1048576K
}
Event: 12.189 GC heap before
{Heap before GC invocations=14 (full 2):
 PSYoungGen      total 180224K, used 165725K [0x00000000eab00000, 0x00000000fac80000, 0x0000000100000000)
  eden space 139264K, 100% used [0x00000000eab00000,0x00000000f3300000,0x00000000f3300000)
  from space 40960K, 64% used [0x00000000f3300000,0x00000000f4cd7468,0x00000000f5b00000)
  to   space 41984K, 0% used [0x00000000f8380000,0x00000000f8380000,0x00000000fac80000)
 ParOldGen       total 106496K, used 56878K [0x00000000c0000000, 0x00000000c6800000, 0x00000000eab00000)
  object space 106496K, 53% used [0x00000000c0000000,0x00000000c378bae8,0x00000000c6800000)
 Metaspace       used 6297K, capacity 7192K, committed 7424K, reserved 1056768K
  class space    used 613K, capacity 656K, committed 768K, reserved 1048576K
Event: 13.379 GC heap after
Heap after GC invocations=14 (full 2):
 PSYoungGen      total 222720K, used 20970K [0x00000000eab00000, 0x00000000fb680000, 0x0000000100000000)
  eden space 180736K, 0% used [0x00000000eab00000,0x00000000eab00000,0x00000000f5b80000)
  from space 41984K, 49% used [0x00000000f8380000,0x00000000f97faab8,0x00000000fac80000)
  to   space 40960K, 0% used [0x00000000f5b80000,0x00000000f5b80000,0x00000000f8380000)
 ParOldGen       total 106496K, used 72489K [0x00000000c0000000, 0x00000000c6800000, 0x00000000eab00000)
  object space 106496K, 68% used [0x00000000c0000000,0x00000000c46ca5a8,0x00000000c6800000)
 Metaspace       used 6297K, capacity 7192K, committed 7424K, reserved 1056768K
  class space    used 613K, capacity 656K, committed 768K, reserved 1048576K
}
Event: 19.329 GC heap before
{Heap before GC invocations=15 (full 2):
 PSYoungGen      total 222720K, used 201706K [0x00000000eab00000, 0x00000000fb680000, 0x0000000100000000)
  eden space 180736K, 100% used [0x00000000eab00000,0x00000000f5b80000,0x00000000f5b80000)
  from space 41984K, 49% used [0x00000000f8380000,0x00000000f97faab8,0x00000000fac80000)
  to   space 40960K, 0% used [0x00000000f5b80000,0x00000000f5b80000,0x00000000f8380000)
 ParOldGen       total 106496K, used 72489K [0x00000000c0000000, 0x00000000c6800000, 0x00000000eab00000)
  object space 106496K, 68% used [0x00000000c0000000,0x00000000c46ca5a8,0x00000000c6800000)
 Metaspace       used 6344K, capacity 7256K, committed 7424K, reserved 1056768K
  class space    used 615K, capacity 656K, committed 768K, reserved 1048576K
Event: 19.734 GC heap after
Heap after GC invocations=15 (full 2):
 PSYoungGen      total 221696K, used 25329K [0x00000000eab00000, 0x00000000fea00000, 0x0000000100000000)
  eden space 180736K, 0% used [0x00000000eab00000,0x00000000eab00000,0x00000000f5b80000)
  from space 40960K, 61% used [0x00000000f5b80000,0x00000000f743c578,0x00000000f8380000)
  to   space 40960K, 0% used [0x00000000fc200000,0x00000000fc200000,0x00000000fea00000)
 ParOldGen       total 106496K, used 93080K [0x00000000c0000000, 0x00000000c6800000, 0x00000000eab00000)
  object space 106496K, 87% used [0x00000000c0000000,0x00000000c5ae6360,0x00000000c6800000)
 Metaspace       used 6344K, capacity 7256K, committed 7424K, reserved 1056768K
  class space    used 615K, capacity 656K, committed 768K, reserved 1048576K
}
Event: 19.734 GC heap before
{Heap before GC invocations=16 (full 3):
 PSYoungGen      total 221696K, used 25329K [0x00000000eab00000, 0x00000000fea00000, 0x0000000100000000)
  eden space 180736K, 0% used [0x00000000eab00000,0x00000000eab00000,0x00000000f5b80000)
  from space 40960K, 61% used [0x00000000f5b80000,0x00000000f743c578,0x00000000f8380000)
  to   space 40960K, 0% used [0x00000000fc200000,0x00000000fc200000,0x00000000fea00000)
 ParOldGen       total 106496K, used 93080K [0x00000000c0000000, 0x00000000c6800000, 0x00000000eab00000)
  object space 106496K, 87% used [0x00000000c0000000,0x00000000c5ae6360,0x00000000c6800000)
 Metaspace       used 6344K, capacity 7256K, committed 7424K, reserved 1056768K
  class space    used 615K, capacity 656K, committed 768K, reserved 1048576K
Event: 22.951 GC heap after
Heap after GC invocations=16 (full 3):
 PSYoungGen      total 221696K, used 7325K [0x00000000eab00000, 0x00000000fea00000, 0x0000000100000000)
  eden space 180736K, 0% used [0x00000000eab00000,0x00000000eab00000,0x00000000f5b80000)
  from space 40960K, 17% used [0x00000000f5b80000,0x00000000f62a7640,0x00000000f8380000)
  to   space 40960K, 0% used [0x00000000fc200000,0x00000000fc200000,0x00000000fea00000)
 ParOldGen       total 173056K, used 106348K [0x00000000c0000000, 0x00000000ca900000, 0x00000000eab00000)
  object space 173056K, 61% used [0x00000000c0000000,0x00000000c67db020,0x00000000ca900000)
 Metaspace       used 6344K, capacity 7256K, committed 7424K, reserved 1056768K
  class space    used 615K, capacity 656K, committed 768K, reserved 1048576K
}

