# JRE version: Java(TM) SE Runtime Environment (8.0_25-b18) (build 1.8.0_25-b18)
# Java VM: Java HotSpot(TM) 64-Bit Server VM (25.25-b02 mixed mode windows-amd64 compressed oops)
Heap:
 PSYoungGen      total 180224K, used 157840K [0x00000000eab00000, 0x00000000f9680000, 0x0000000100000000)
  eden space 119296K, 100% used [0x00000000eab00000,0x00000000f1f80000,0x00000000f1f80000)
  from space 60928K, 63% used [0x00000000f1f80000,0x00000000f4524030,0x00000000f5b00000)
  to   space 44032K, 99% used [0x00000000f6b80000,0x00000000f9679f70,0x00000000f9680000)
 ParOldGen       total 146432K, used 75720K [0x00000000c0000000, 0x00000000c8f00000, 0x00000000eab00000)
  object space 146432K, 51% used [0x00000000c0000000,0x00000000c49f2308,0x00000000c8f00000)
 Metaspace       used 6344K, capacity 7256K, committed 7424K, reserved 1056768K
  class space    used 613K, capacity 656K, committed 768K, reserved 1048576K
GC Heap History (10 events):
Event: 4.768 GC heap before
{Heap before GC invocations=9 (full 1):
 PSYoungGen      total 147968K, used 147936K [0x00000000eab00000, 0x00000000f6e80000, 0x0000000100000000)
  eden space 116224K, 100% used [0x00000000eab00000,0x00000000f1c80000,0x00000000f1c80000)
  from space 31744K, 99% used [0x00000000f1d00000,0x00000000f3bf82d8,0x00000000f3c00000)
  to   space 41984K, 0% used [0x00000000f4580000,0x00000000f4580000,0x00000000f6e80000)
 ParOldGen       total 86528K, used 47471K [0x00000000c0000000, 0x00000000c5480000, 0x00000000eab00000)
  object space 86528K, 54% used [0x00000000c0000000,0x00000000c2e5be90,0x00000000c5480000)
 Metaspace       used 6197K, capacity 7152K, committed 7296K, reserved 1056768K
  class space    used 592K, capacity 616K, committed 640K, reserved 1048576K
Event: 4.862 GC heap after
Heap after GC invocations=9 (full 1):
 PSYoungGen      total 143872K, used 41968K [0x00000000eab00000, 0x00000000fb300000, 0x0000000100000000)
  eden space 101888K, 0% used [0x00000000eab00000,0x00000000eab00000,0x00000000f0e80000)
  from space 41984K, 99% used [0x00000000f4580000,0x00000000f6e7c218,0x00000000f6e80000)
  to   space 56320K, 0% used [0x00000000f0e80000,0x00000000f0e80000,0x00000000f4580000)
 ParOldGen       total 86528K, used 61729K [0x00000000c0000000, 0x00000000c5480000, 0x00000000eab00000)
  object space 86528K, 71% used [0x00000000c0000000,0x00000000c3c48530,0x00000000c5480000)
 Metaspace       used 6197K, capacity 7152K, committed 7296K, reserved 1056768K
  class space    used 592K, capacity 616K, committed 640K, reserved 1048576K
}
Event: 5.981 GC heap before
{Heap before GC invocations=10 (full 1):
 PSYoungGen      total 143872K, used 143856K [0x00000000eab00000, 0x00000000fb300000, 0x0000000100000000)
  eden space 101888K, 100% used [0x00000000eab00000,0x00000000f0e80000,0x00000000f0e80000)
  from space 41984K, 99% used [0x00000000f4580000,0x00000000f6e7c218,0x00000000f6e80000)
  to   space 56320K, 0% used [0x00000000f0e80000,0x00000000f0e80000,0x00000000f4580000)
 ParOldGen       total 86528K, used 61729K [0x00000000c0000000, 0x00000000c5480000, 0x00000000eab00000)
  object space 86528K, 71% used [0x00000000c0000000,0x00000000c3c48530,0x00000000c5480000)
 Metaspace       used 6209K, capacity 7152K, committed 7296K, reserved 1056768K
  class space    used 592K, capacity 616K, committed 640K, reserved 1048576K
Event: 6.608 GC heap after
Heap after GC invocations=10 (full 1):
 PSYoungGen      total 158208K, used 51164K [0x00000000eab00000, 0x00000000faa00000, 0x0000000100000000)
  eden space 101888K, 0% used [0x00000000eab00000,0x00000000eab00000,0x00000000f0e80000)
  from space 56320K, 90% used [0x00000000f0e80000,0x00000000f4077358,0x00000000f4580000)
  to   space 64000K, 0% used [0x00000000f6b80000,0x00000000f6b80000,0x00000000faa00000)
 ParOldGen       total 86528K, used 79979K [0x00000000c0000000, 0x00000000c5480000, 0x00000000eab00000)
  object space 86528K, 92% used [0x00000000c0000000,0x00000000c4e1ae98,0x00000000c5480000)
 Metaspace       used 6209K, capacity 7152K, committed 7296K, reserved 1056768K
  class space    used 592K, capacity 616K, committed 640K, reserved 1048576K
}
Event: 6.608 GC heap before
{Heap before GC invocations=11 (full 2):
 PSYoungGen      total 158208K, used 51164K [0x00000000eab00000, 0x00000000faa00000, 0x0000000100000000)
  eden space 101888K, 0% used [0x00000000eab00000,0x00000000eab00000,0x00000000f0e80000)
  from space 56320K, 90% used [0x00000000f0e80000,0x00000000f4077358,0x00000000f4580000)
  to   space 64000K, 0% used [0x00000000f6b80000,0x00000000f6b80000,0x00000000faa00000)
 ParOldGen       total 86528K, used 79979K [0x00000000c0000000, 0x00000000c5480000, 0x00000000eab00000)
  object space 86528K, 92% used [0x00000000c0000000,0x00000000c4e1ae98,0x00000000c5480000)
 Metaspace       used 6209K, capacity 7152K, committed 7296K, reserved 1056768K
  class space    used 592K, capacity 616K, committed 640K, reserved 1048576K
Event: 10.538 GC heap after
Heap after GC invocations=11 (full 2):
 PSYoungGen      total 158208K, used 0K [0x00000000eab00000, 0x00000000faa00000, 0x0000000100000000)
  eden space 101888K, 0% used [0x00000000eab00000,0x00000000eab00000,0x00000000f0e80000)
  from space 56320K, 0% used [0x00000000f0e80000,0x00000000f0e80000,0x00000000f4580000)
  to   space 64000K, 0% used [0x00000000f6b80000,0x00000000f6b80000,0x00000000faa00000)
 ParOldGen       total 146432K, used 75080K [0x00000000c0000000, 0x00000000c8f00000, 0x00000000eab00000)
  object space 146432K, 51% used [0x00000000c0000000,0x00000000c4952308,0x00000000c8f00000)
 Metaspace       used 6209K, capacity 7152K, committed 7296K, reserved 1056768K
  class space    used 592K, capacity 616K, committed 640K, reserved 1048576K
}
Event: 15.988 GC heap before
{Heap before GC invocations=12 (full 2):
 PSYoungGen      total 158208K, used 101888K [0x00000000eab00000, 0x00000000faa00000, 0x0000000100000000)
  eden space 101888K, 100% used [0x00000000eab00000,0x00000000f0e80000,0x00000000f0e80000)
  from space 56320K, 0% used [0x00000000f0e80000,0x00000000f0e80000,0x00000000f4580000)
  to   space 64000K, 0% used [0x00000000f6b80000,0x00000000f6b80000,0x00000000faa00000)
 ParOldGen       total 146432K, used 75080K [0x00000000c0000000, 0x00000000c8f00000, 0x00000000eab00000)
  object space 146432K, 51% used [0x00000000c0000000,0x00000000c4952308,0x00000000c8f00000)
 Metaspace       used 6216K, capacity 7152K, committed 7296K, reserved 1056768K
  class space    used 592K, capacity 616K, committed 640K, reserved 1048576K
Event: 16.434 GC heap after
Heap after GC invocations=12 (full 2):
 PSYoungGen      total 163328K, used 20774K [0x00000000eab00000, 0x00000000f9680000, 0x0000000100000000)
  eden space 119296K, 0% used [0x00000000eab00000,0x00000000eab00000,0x00000000f1f80000)
  from space 44032K, 47% used [0x00000000f6b80000,0x00000000f7fc9980,0x00000000f9680000)
  to   space 60928K, 0% used [0x00000000f1f80000,0x00000000f1f80000,0x00000000f5b00000)
 ParOldGen       total 146432K, used 75080K [0x00000000c0000000, 0x00000000c8f00000, 0x00000000eab00000)
  object space 146432K, 51% used [0x00000000c0000000,0x00000000c4952308,0x00000000c8f00000)
 Metaspace       used 6216K, capacity 7152K, committed 7296K, reserved 1056768K
  class space    used 592K, capacity 616K, committed 640K, reserved 1048576K
}
Event: 18.577 GC heap before
{Heap before GC invocations=13 (full 2):
 PSYoungGen      total 163328K, used 140070K [0x00000000eab00000, 0x00000000f9680000, 0x0000000100000000)
  eden space 119296K, 100% used [0x00000000eab00000,0x00000000f1f80000,0x00000000f1f80000)
  from space 44032K, 47% used [0x00000000f6b80000,0x00000000f7fc9980,0x00000000f9680000)
  to   space 60928K, 0% used [0x00000000f1f80000,0x00000000f1f80000,0x00000000f5b00000)
 ParOldGen       total 146432K, used 75080K [0x00000000c0000000, 0x00000000c8f00000, 0x00000000eab00000)
  object space 146432K, 51% used [0x00000000c0000000,0x00000000c4952308,0x00000000c8f00000)
 Metaspace       used 6317K, capacity 7256K, committed 7424K, reserved 1056768K
  class space    used 613K, capacity 656K, committed 768K, reserved 1048576K
Event: 18.755 GC heap after
Heap after GC invocations=13 (full 2):
 PSYoungGen      total 180224K, used 38544K [0x00000000eab00000, 0x00000000f9680000, 0x0000000100000000)
  eden space 119296K, 0% used [0x00000000eab00000,0x00000000eab00000,0x00000000f1f80000)
  from space 60928K, 63% used [0x00000000f1f80000,0x00000000f4524030,0x00000000f5b00000)
  to   space 44032K, 0% used [0x00000000f6b80000,0x00000000f6b80000,0x00000000f9680000)
 ParOldGen       total 146432K, used 75088K [0x00000000c0000000, 0x00000000c8f00000, 0x00000000eab00000)
  object space 146432K, 51% used [0x00000000c0000000,0x00000000c4954308,0x00000000c8f00000)
 Metaspace       used 6317K, capacity 7256K, committed 7424K, reserved 1056768K
  class space    used 613K, capacity 656K, committed 768K, reserved 1048576K
}

