# JRE version: Java(TM) SE Runtime Environment (8.0_25-b18) (build 1.8.0_25-b18)
# Java VM: Java HotSpot(TM) 64-Bit Server VM (25.25-b02 mixed mode windows-amd64 compressed oops)
Heap:
 PSYoungGen      total 270848K, used 176342K [0x00000000eab00000, 0x0000000100000000, 0x0000000100000000)
  eden space 212992K, 55% used [0x00000000eab00000,0x00000000f1eb7540,0x00000000f7b00000)
  from space 57856K, 99% used [0x00000000fbe00000,0x00000000ff67e468,0x00000000ff680000)
  to   space 68096K, 0% used [0x00000000f7b00000,0x00000000f7b00000,0x00000000fbd80000)
 ParOldGen       total 130560K, used 74949K [0x00000000c0000000, 0x00000000c7f80000, 0x00000000eab00000)
  object space 130560K, 57% used [0x00000000c0000000,0x00000000c4931720,0x00000000c7f80000)
 Metaspace       used 6636K, capacity 7480K, committed 7680K, reserved 1056768K
  class space    used 631K, capacity 688K, committed 768K, reserved 1048576K
GC Heap History (10 events):
Event: 8.305 GC heap before
{Heap before GC invocations=8 (full 1):
 PSYoungGen      total 137216K, used 136958K [0x00000000eab00000, 0x00000000f5c80000, 0x0000000100000000)
  eden space 113664K, 100% used [0x00000000eab00000,0x00000000f1a00000,0x00000000f1a00000)
  from space 23552K, 98% used [0x00000000f4580000,0x00000000f5c3fad8,0x00000000f5c80000)
  to   space 31232K, 0% used [0x00000000f1f80000,0x00000000f1f80000,0x00000000f3e00000)
 ParOldGen       total 83456K, used 38510K [0x00000000c0000000, 0x00000000c5180000, 0x00000000eab00000)
  object space 83456K, 46% used [0x00000000c0000000,0x00000000c259b968,0x00000000c5180000)
 Metaspace       used 6149K, capacity 7152K, committed 7296K, reserved 1056768K
  class space    used 591K, capacity 616K, committed 640K, reserved 1048576K
Event: 8.376 GC heap after
Heap after GC invocations=8 (full 1):
 PSYoungGen      total 150528K, used 31225K [0x00000000eab00000, 0x00000000fbb80000, 0x0000000100000000)
  eden space 119296K, 0% used [0x00000000eab00000,0x00000000eab00000,0x00000000f1f80000)
  from space 31232K, 99% used [0x00000000f1f80000,0x00000000f3dfe680,0x00000000f3e00000)
  to   space 40960K, 0% used [0x00000000f9380000,0x00000000f9380000,0x00000000fbb80000)
 ParOldGen       total 83456K, used 46030K [0x00000000c0000000, 0x00000000c5180000, 0x00000000eab00000)
  object space 83456K, 55% used [0x00000000c0000000,0x00000000c2cf39b8,0x00000000c5180000)
 Metaspace       used 6149K, capacity 7152K, committed 7296K, reserved 1056768K
  class space    used 591K, capacity 616K, committed 640K, reserved 1048576K
}
Event: 9.236 GC heap before
{Heap before GC invocations=9 (full 1):
 PSYoungGen      total 150528K, used 150521K [0x00000000eab00000, 0x00000000fbb80000, 0x0000000100000000)
  eden space 119296K, 100% used [0x00000000eab00000,0x00000000f1f80000,0x00000000f1f80000)
  from space 31232K, 99% used [0x00000000f1f80000,0x00000000f3dfe680,0x00000000f3e00000)
  to   space 40960K, 0% used [0x00000000f9380000,0x00000000f9380000,0x00000000fbb80000)
 ParOldGen       total 83456K, used 46030K [0x00000000c0000000, 0x00000000c5180000, 0x00000000eab00000)
  object space 83456K, 55% used [0x00000000c0000000,0x00000000c2cf39b8,0x00000000c5180000)
 Metaspace       used 6184K, capacity 7152K, committed 7296K, reserved 1056768K
  class space    used 592K, capacity 616K, committed 640K, reserved 1048576K
Event: 9.333 GC heap after
Heap after GC invocations=9 (full 1):
 PSYoungGen      total 222720K, used 40929K [0x00000000eab00000, 0x00000000fe280000, 0x0000000100000000)
  eden space 181760K, 0% used [0x00000000eab00000,0x00000000eab00000,0x00000000f5c80000)
  from space 40960K, 99% used [0x00000000f9380000,0x00000000fbb78510,0x00000000fbb80000)
  to   space 56320K, 0% used [0x00000000f5c80000,0x00000000f5c80000,0x00000000f9380000)
 ParOldGen       total 83456K, used 64132K [0x00000000c0000000, 0x00000000c5180000, 0x00000000eab00000)
  object space 83456K, 76% used [0x00000000c0000000,0x00000000c3ea1008,0x00000000c5180000)
 Metaspace       used 6184K, capacity 7152K, committed 7296K, reserved 1056768K
  class space    used 592K, capacity 616K, committed 640K, reserved 1048576K
}
Event: 9.333 GC heap before
{Heap before GC invocations=10 (full 2):
 PSYoungGen      total 222720K, used 40929K [0x00000000eab00000, 0x00000000fe280000, 0x0000000100000000)
  eden space 181760K, 0% used [0x00000000eab00000,0x00000000eab00000,0x00000000f5c80000)
  from space 40960K, 99% used [0x00000000f9380000,0x00000000fbb78510,0x00000000fbb80000)
  to   space 56320K, 0% used [0x00000000f5c80000,0x00000000f5c80000,0x00000000f9380000)
 ParOldGen       total 83456K, used 64132K [0x00000000c0000000, 0x00000000c5180000, 0x00000000eab00000)
  object space 83456K, 76% used [0x00000000c0000000,0x00000000c3ea1008,0x00000000c5180000)
 Metaspace       used 6184K, capacity 7152K, committed 7296K, reserved 1056768K
  class space    used 592K, capacity 616K, committed 640K, reserved 1048576K
Event: 10.012 GC heap after
Heap after GC invocations=10 (full 2):
 PSYoungGen      total 222720K, used 0K [0x00000000eab00000, 0x00000000fe280000, 0x0000000100000000)
  eden space 181760K, 0% used [0x00000000eab00000,0x00000000eab00000,0x00000000f5c80000)
  from space 40960K, 0% used [0x00000000f9380000,0x00000000f9380000,0x00000000fbb80000)
  to   space 56320K, 0% used [0x00000000f5c80000,0x00000000f5c80000,0x00000000f9380000)
 ParOldGen       total 130560K, used 72414K [0x00000000c0000000, 0x00000000c7f80000, 0x00000000eab00000)
  object space 130560K, 55% used [0x00000000c0000000,0x00000000c46b7a58,0x00000000c7f80000)
 Metaspace       used 6184K, capacity 7152K, committed 7296K, reserved 1056768K
  class space    used 592K, capacity 616K, committed 640K, reserved 1048576K
}
Event: 11.398 GC heap before
{Heap before GC invocations=11 (full 2):
 PSYoungGen      total 222720K, used 181760K [0x00000000eab00000, 0x00000000fe280000, 0x0000000100000000)
  eden space 181760K, 100% used [0x00000000eab00000,0x00000000f5c80000,0x00000000f5c80000)
  from space 40960K, 0% used [0x00000000f9380000,0x00000000f9380000,0x00000000fbb80000)
  to   space 56320K, 0% used [0x00000000f5c80000,0x00000000f5c80000,0x00000000f9380000)
 ParOldGen       total 130560K, used 72414K [0x00000000c0000000, 0x00000000c7f80000, 0x00000000eab00000)
  object space 130560K, 55% used [0x00000000c0000000,0x00000000c46b7a58,0x00000000c7f80000)
 Metaspace       used 6200K, capacity 7152K, committed 7296K, reserved 1056768K
  class space    used 592K, capacity 616K, committed 640K, reserved 1048576K
Event: 11.520 GC heap after
Heap after GC invocations=11 (full 2):
 PSYoungGen      total 238080K, used 35427K [0x00000000eab00000, 0x00000000ff680000, 0x0000000100000000)
  eden space 181760K, 0% used [0x00000000eab00000,0x00000000eab00000,0x00000000f5c80000)
  from space 56320K, 62% used [0x00000000f5c80000,0x00000000f7f18e10,0x00000000f9380000)
  to   space 57856K, 0% used [0x00000000fbe00000,0x00000000fbe00000,0x00000000ff680000)
 ParOldGen       total 130560K, used 72422K [0x00000000c0000000, 0x00000000c7f80000, 0x00000000eab00000)
  object space 130560K, 55% used [0x00000000c0000000,0x00000000c46b9a58,0x00000000c7f80000)
 Metaspace       used 6200K, capacity 7152K, committed 7296K, reserved 1056768K
  class space    used 592K, capacity 616K, committed 640K, reserved 1048576K
}
Event: 14.360 GC heap before
{Heap before GC invocations=12 (full 2):
 PSYoungGen      total 238080K, used 217187K [0x00000000eab00000, 0x00000000ff680000, 0x0000000100000000)
  eden space 181760K, 100% used [0x00000000eab00000,0x00000000f5c80000,0x00000000f5c80000)
  from space 56320K, 62% used [0x00000000f5c80000,0x00000000f7f18e10,0x00000000f9380000)
  to   space 57856K, 0% used [0x00000000fbe00000,0x00000000fbe00000,0x00000000ff680000)
 ParOldGen       total 130560K, used 72422K [0x00000000c0000000, 0x00000000c7f80000, 0x00000000eab00000)
  object space 130560K, 55% used [0x00000000c0000000,0x00000000c46b9a58,0x00000000c7f80000)
 Metaspace       used 6311K, capacity 7192K, committed 7424K, reserved 1056768K
  class space    used 613K, capacity 656K, committed 768K, reserved 1048576K
Event: 14.982 GC heap after
Heap after GC invocations=12 (full 2):
 PSYoungGen      total 270848K, used 57849K [0x00000000eab00000, 0x0000000100000000, 0x0000000100000000)
  eden space 212992K, 0% used [0x00000000eab00000,0x00000000eab00000,0x00000000f7b00000)
  from space 57856K, 99% used [0x00000000fbe00000,0x00000000ff67e468,0x00000000ff680000)
  to   space 68096K, 0% used [0x00000000f7b00000,0x00000000f7b00000,0x00000000fbd80000)
 ParOldGen       total 130560K, used 74949K [0x00000000c0000000, 0x00000000c7f80000, 0x00000000eab00000)
  object space 130560K, 57% used [0x00000000c0000000,0x00000000c4931720,0x00000000c7f80000)
 Metaspace       used 6311K, capacity 7192K, committed 7424K, reserved 1056768K
  class space    used 613K, capacity 656K, committed 768K, reserved 1048576K
}

