# JRE version: Java(TM) SE Runtime Environment (8.0_25-b18) (build 1.8.0_25-b18)
# Java VM: Java HotSpot(TM) 64-Bit Server VM (25.25-b02 mixed mode windows-amd64 compressed oops)
Heap:
 PSYoungGen      total 238592K, used 122794K [0x00000000eab00000, 0x00000000fc200000, 0x0000000100000000)
  eden space 190464K, 53% used [0x00000000eab00000,0x00000000f0e05e08,0x00000000f6500000)
  from space 48128K, 44% used [0x00000000f9180000,0x00000000fa664ca8,0x00000000fc080000)
  to   space 45568K, 0% used [0x00000000f6500000,0x00000000f6500000,0x00000000f9180000)
 ParOldGen       total 124928K, used 97929K [0x00000000c0000000, 0x00000000c7a00000, 0x00000000eab00000)
  object space 124928K, 78% used [0x00000000c0000000,0x00000000c5fa2778,0x00000000c7a00000)
 Metaspace       used 7317K, capacity 7832K, committed 7936K, reserved 1056768K
  class space    used 691K, capacity 720K, committed 768K, reserved 1048576K
GC Heap History (10 events):
Event: 8.375 GC heap before
{Heap before GC invocations=10 (full 1):
 PSYoungGen      total 131584K, used 131289K [0x00000000eab00000, 0x00000000f5880000, 0x0000000100000000)
  eden space 110592K, 100% used [0x00000000eab00000,0x00000000f1700000,0x00000000f1700000)
  from space 20992K, 98% used [0x00000000f4400000,0x00000000f5836508,0x00000000f5880000)
  to   space 31232K, 0% used [0x00000000f1b80000,0x00000000f1b80000,0x00000000f3a00000)
 ParOldGen       total 79360K, used 40864K [0x00000000c0000000, 0x00000000c4d80000, 0x00000000eab00000)
  object space 79360K, 51% used [0x00000000c0000000,0x00000000c27e8000,0x00000000c4d80000)
 Metaspace       used 6192K, capacity 7152K, committed 7296K, reserved 1056768K
  class space    used 592K, capacity 616K, committed 640K, reserved 1048576K
Event: 8.456 GC heap after
Heap after GC invocations=10 (full 1):
 PSYoungGen      total 146432K, used 28223K [0x00000000eab00000, 0x00000000f8a00000, 0x0000000100000000)
  eden space 115200K, 0% used [0x00000000eab00000,0x00000000eab00000,0x00000000f1b80000)
  from space 31232K, 90% used [0x00000000f1b80000,0x00000000f370fe88,0x00000000f3a00000)
  to   space 35328K, 0% used [0x00000000f6780000,0x00000000f6780000,0x00000000f8a00000)
 ParOldGen       total 79360K, used 40864K [0x00000000c0000000, 0x00000000c4d80000, 0x00000000eab00000)
  object space 79360K, 51% used [0x00000000c0000000,0x00000000c27e8000,0x00000000c4d80000)
 Metaspace       used 6192K, capacity 7152K, committed 7296K, reserved 1056768K
  class space    used 592K, capacity 616K, committed 640K, reserved 1048576K
}
Event: 9.023 GC heap before
{Heap before GC invocations=11 (full 1):
 PSYoungGen      total 146432K, used 143423K [0x00000000eab00000, 0x00000000f8a00000, 0x0000000100000000)
  eden space 115200K, 100% used [0x00000000eab00000,0x00000000f1b80000,0x00000000f1b80000)
  from space 31232K, 90% used [0x00000000f1b80000,0x00000000f370fe88,0x00000000f3a00000)
  to   space 35328K, 0% used [0x00000000f6780000,0x00000000f6780000,0x00000000f8a00000)
 ParOldGen       total 79360K, used 40864K [0x00000000c0000000, 0x00000000c4d80000, 0x00000000eab00000)
  object space 79360K, 51% used [0x00000000c0000000,0x00000000c27e8000,0x00000000c4d80000)
 Metaspace       used 6213K, capacity 7152K, committed 7296K, reserved 1056768K
  class space    used 592K, capacity 616K, committed 640K, reserved 1048576K
Event: 9.150 GC heap after
Heap after GC invocations=11 (full 1):
 PSYoungGen      total 180224K, used 35308K [0x00000000eab00000, 0x00000000fab00000, 0x0000000100000000)
  eden space 144896K, 0% used [0x00000000eab00000,0x00000000eab00000,0x00000000f3880000)
  from space 35328K, 99% used [0x00000000f6780000,0x00000000f89fb318,0x00000000f8a00000)
  to   space 48128K, 0% used [0x00000000f3880000,0x00000000f3880000,0x00000000f6780000)
 ParOldGen       total 79360K, used 60193K [0x00000000c0000000, 0x00000000c4d80000, 0x00000000eab00000)
  object space 79360K, 75% used [0x00000000c0000000,0x00000000c3ac8728,0x00000000c4d80000)
 Metaspace       used 6213K, capacity 7152K, committed 7296K, reserved 1056768K
  class space    used 592K, capacity 616K, committed 640K, reserved 1048576K
}
Event: 9.150 GC heap before
{Heap before GC invocations=12 (full 2):
 PSYoungGen      total 180224K, used 35308K [0x00000000eab00000, 0x00000000fab00000, 0x0000000100000000)
  eden space 144896K, 0% used [0x00000000eab00000,0x00000000eab00000,0x00000000f3880000)
  from space 35328K, 99% used [0x00000000f6780000,0x00000000f89fb318,0x00000000f8a00000)
  to   space 48128K, 0% used [0x00000000f3880000,0x00000000f3880000,0x00000000f6780000)
 ParOldGen       total 79360K, used 60193K [0x00000000c0000000, 0x00000000c4d80000, 0x00000000eab00000)
  object space 79360K, 75% used [0x00000000c0000000,0x00000000c3ac8728,0x00000000c4d80000)
 Metaspace       used 6213K, capacity 7152K, committed 7296K, reserved 1056768K
  class space    used 592K, capacity 616K, committed 640K, reserved 1048576K
Event: 10.029 GC heap after
Heap after GC invocations=12 (full 2):
 PSYoungGen      total 180224K, used 0K [0x00000000eab00000, 0x00000000fab00000, 0x0000000100000000)
  eden space 144896K, 0% used [0x00000000eab00000,0x00000000eab00000,0x00000000f3880000)
  from space 35328K, 0% used [0x00000000f6780000,0x00000000f6780000,0x00000000f8a00000)
  to   space 48128K, 0% used [0x00000000f3880000,0x00000000f3880000,0x00000000f6780000)
 ParOldGen       total 124928K, used 71874K [0x00000000c0000000, 0x00000000c7a00000, 0x00000000eab00000)
  object space 124928K, 57% used [0x00000000c0000000,0x00000000c46309c0,0x00000000c7a00000)
 Metaspace       used 6213K, capacity 7152K, committed 7296K, reserved 1056768K
  class space    used 592K, capacity 616K, committed 640K, reserved 1048576K
}
Event: 11.159 GC heap before
{Heap before GC invocations=13 (full 2):
 PSYoungGen      total 180224K, used 144896K [0x00000000eab00000, 0x00000000fab00000, 0x0000000100000000)
  eden space 144896K, 100% used [0x00000000eab00000,0x00000000f3880000,0x00000000f3880000)
  from space 35328K, 0% used [0x00000000f6780000,0x00000000f6780000,0x00000000f8a00000)
  to   space 48128K, 0% used [0x00000000f3880000,0x00000000f3880000,0x00000000f6780000)
 ParOldGen       total 124928K, used 71874K [0x00000000c0000000, 0x00000000c7a00000, 0x00000000eab00000)
  object space 124928K, 57% used [0x00000000c0000000,0x00000000c46309c0,0x00000000c7a00000)
 Metaspace       used 6216K, capacity 7152K, committed 7296K, reserved 1056768K
  class space    used 592K, capacity 616K, committed 640K, reserved 1048576K
Event: 11.596 GC heap after
Heap after GC invocations=13 (full 2):
 PSYoungGen      total 193024K, used 26763K [0x00000000eab00000, 0x00000000fc080000, 0x0000000100000000)
  eden space 144896K, 0% used [0x00000000eab00000,0x00000000eab00000,0x00000000f3880000)
  from space 48128K, 55% used [0x00000000f3880000,0x00000000f52a2e00,0x00000000f6780000)
  to   space 48128K, 0% used [0x00000000f9180000,0x00000000f9180000,0x00000000fc080000)
 ParOldGen       total 124928K, used 71882K [0x00000000c0000000, 0x00000000c7a00000, 0x00000000eab00000)
  object space 124928K, 57% used [0x00000000c0000000,0x00000000c46329c0,0x00000000c7a00000)
 Metaspace       used 6216K, capacity 7152K, committed 7296K, reserved 1056768K
  class space    used 592K, capacity 616K, committed 640K, reserved 1048576K
}
Event: 13.825 GC heap before
{Heap before GC invocations=14 (full 2):
 PSYoungGen      total 193024K, used 171659K [0x00000000eab00000, 0x00000000fc080000, 0x0000000100000000)
  eden space 144896K, 100% used [0x00000000eab00000,0x00000000f3880000,0x00000000f3880000)
  from space 48128K, 55% used [0x00000000f3880000,0x00000000f52a2e00,0x00000000f6780000)
  to   space 48128K, 0% used [0x00000000f9180000,0x00000000f9180000,0x00000000fc080000)
 ParOldGen       total 124928K, used 71882K [0x00000000c0000000, 0x00000000c7a00000, 0x00000000eab00000)
  object space 124928K, 57% used [0x00000000c0000000,0x00000000c46329c0,0x00000000c7a00000)
 Metaspace       used 6327K, capacity 7256K, committed 7424K, reserved 1056768K
  class space    used 613K, capacity 656K, committed 768K, reserved 1048576K
Event: 15.053 GC heap after
Heap after GC invocations=14 (full 2):
 PSYoungGen      total 238592K, used 21395K [0x00000000eab00000, 0x00000000fc200000, 0x0000000100000000)
  eden space 190464K, 0% used [0x00000000eab00000,0x00000000eab00000,0x00000000f6500000)
  from space 48128K, 44% used [0x00000000f9180000,0x00000000fa664ca8,0x00000000fc080000)
  to   space 45568K, 0% used [0x00000000f6500000,0x00000000f6500000,0x00000000f9180000)
 ParOldGen       total 124928K, used 97929K [0x00000000c0000000, 0x00000000c7a00000, 0x00000000eab00000)
  object space 124928K, 78% used [0x00000000c0000000,0x00000000c5fa2778,0x00000000c7a00000)
 Metaspace       used 6327K, capacity 7256K, committed 7424K, reserved 1056768K
  class space    used 613K, capacity 656K, committed 768K, reserved 1048576K
}

